<?xml version="1.0" encoding="UTF-8"?>
<!-- Generated by org.testng.reporters.JUnitXMLReporter -->
<testsuite ignored="0" hostname="DESKTOP-4V9G7CP" failures="2" tests="2" name="Login Test" time="82.304" errors="0" timestamp="06 Sep 2020 15:36:45 GMT">
  <testcase classname="com.automation.hybrid.suitea.AddProductTest" name="addProductTest" time="36.303">
    <failure type="java.lang.NoSuchMethodException" message="com.automtion.hybrid.keywords.AppKeywords.sleep()">
      <![CDATA[java.lang.NoSuchMethodException: com.automtion.hybrid.keywords.AppKeywords.sleep()
	at java.base/java.lang.Class.getMethod(Class.java:2122)
	at com.automation.hybrid.driver.DriverScript.executeKeywords(DriverScript.java:44)
	at com.automation.hybrid.suitea.AddProductTest.addProductTest(AddProductTest.java:24)
	at java.base/java.util.concurrent.ThreadPoolExecutor.runWorker(ThreadPoolExecutor.java:1130)
	at java.base/java.util.concurrent.ThreadPoolExecutor$Worker.run(ThreadPoolExecutor.java:630)
	at java.base/java.lang.Thread.run(Thread.java:832)
... Removed 10 stack frames]]>
    </failure>
  </testcase> <!-- addProductTest -->
  <testcase classname="com.automation.hybrid.suitea.AddProductTest" name="addProductTest" time="42.079">
    <failure type="java.lang.NoSuchMethodException" message="com.automtion.hybrid.keywords.AppKeywords.sleep()">
      <![CDATA[java.lang.NoSuchMethodException: com.automtion.hybrid.keywords.AppKeywords.sleep()
	at java.base/java.lang.Class.getMethod(Class.java:2122)
	at com.automation.hybrid.driver.DriverScript.executeKeywords(DriverScript.java:44)
	at com.automation.hybrid.suitea.AddProductTest.addProductTest(AddProductTest.java:24)
	at java.base/java.util.concurrent.ThreadPoolExecutor.runWorker(ThreadPoolExecutor.java:1130)
	at java.base/java.util.concurrent.ThreadPoolExecutor$Worker.run(ThreadPoolExecutor.java:630)
	at java.base/java.lang.Thread.run(Thread.java:832)
... Removed 10 stack frames]]>
    </failure>
  </testcase> <!-- addProductTest -->
</testsuite> <!-- Login Test -->
