<?xml version="1.0" encoding="UTF-8"?>
<testng-results ignored="0" total="2" passed="0" failed="2" skipped="0">
  <reporter-output>
  </reporter-output>
  <suite started-at="2020-09-06T12:20:35Z" name="Default suite" finished-at="2020-09-06T12:21:06Z" duration-ms="31300">
    <groups>
    </groups>
    <test started-at="2020-09-06T12:20:35Z" name="Default test" finished-at="2020-09-06T12:21:06Z" duration-ms="31300">
      <class name="com.automation.hybrid.suitea.AddProductTest">
        <test-method is-config="true" signature="init()[pri:0, instance:com.automation.hybrid.suitea.AddProductTest@1d76aeea]" started-at="2020-09-06T14:20:35Z" name="init" finished-at="2020-09-06T14:20:36Z" duration-ms="895" status="PASS">
          <reporter-output>
          </reporter-output>
        </test-method> <!-- init -->
        <test-method is-config="true" signature="initTest()[pri:0, instance:com.automation.hybrid.suitea.AddProductTest@1d76aeea]" started-at="2020-09-06T14:20:36Z" name="initTest" finished-at="2020-09-06T14:20:36Z" duration-ms="250" status="PASS">
          <reporter-output>
          </reporter-output>
        </test-method> <!-- initTest -->
        <test-method signature="addProductTest(java.util.Hashtable)[pri:0, instance:com.automation.hybrid.suitea.AddProductTest@1d76aeea]" started-at="2020-09-06T14:20:36Z" name="addProductTest" data-provider="getData" finished-at="2020-09-06T14:20:51Z" duration-ms="14629" status="FAIL">
          <params>
            <param index="0">
              <value>
                <![CDATA[{Browser=Chrome, Product Type=Feture Product, DURGAPUR=14, Product Picture=C:\Users\suresh\git\placetheorder\Images\Tomato.jpg, Deals Of The Week=In to Deals Of The Week, KOLKATA=14, Product Description=testing123, Select For Product Packaging Type=Loose Product, Runmode=Y, Product Offer=12, Product Stock=50, Category Name=Tomato,, Product Normal Price=14, Select For Hot Product Section=In In Hot Product, Select For Trending Product Section=In Trending Product, Home Category=Fresh Vegetables, Select For Special Fresh New Arrival Product Section=Select For This, Product Tag=Super Deals, ORISSA=14, BIHAR=14, BURDWAN=14, SubCategory=Tomato, Product Name=TOMATO}]]>
              </value>
            </param>
          </params>
          <exception class="java.lang.reflect.InvocationTargetException">
            <full-stacktrace>
              <![CDATA[java.lang.reflect.InvocationTargetException
	at java.base/jdk.internal.reflect.NativeMethodAccessorImpl.invoke0(Native Method)
	at java.base/jdk.internal.reflect.NativeMethodAccessorImpl.invoke(NativeMethodAccessorImpl.java:62)
	at java.base/jdk.internal.reflect.DelegatingMethodAccessorImpl.invoke(DelegatingMethodAccessorImpl.java:43)
	at java.base/java.lang.reflect.Method.invoke(Method.java:564)
	at com.automation.hybrid.driver.DriverScript.executeKeywords(DriverScript.java:45)
	at com.automation.hybrid.suitea.AddProductTest.addProductTest(AddProductTest.java:24)
	at java.base/jdk.internal.reflect.NativeMethodAccessorImpl.invoke0(Native Method)
	at java.base/jdk.internal.reflect.NativeMethodAccessorImpl.invoke(NativeMethodAccessorImpl.java:62)
	at java.base/jdk.internal.reflect.DelegatingMethodAccessorImpl.invoke(DelegatingMethodAccessorImpl.java:43)
	at java.base/java.lang.reflect.Method.invoke(Method.java:564)
	at org.testng.internal.MethodInvocationHelper.invokeMethod(MethodInvocationHelper.java:108)
	at org.testng.internal.Invoker.invokeMethod(Invoker.java:661)
	at org.testng.internal.Invoker.invokeTestMethod(Invoker.java:869)
	at org.testng.internal.Invoker.invokeTestMethods(Invoker.java:1193)
	at org.testng.internal.TestMethodWorker.invokeTestMethods(TestMethodWorker.java:126)
	at org.testng.internal.TestMethodWorker.run(TestMethodWorker.java:109)
	at org.testng.TestRunner.privateRun(TestRunner.java:744)
	at org.testng.TestRunner.run(TestRunner.java:602)
	at org.testng.SuiteRunner.runTest(SuiteRunner.java:380)
	at org.testng.SuiteRunner.runSequentially(SuiteRunner.java:375)
	at org.testng.SuiteRunner.privateRun(SuiteRunner.java:340)
	at org.testng.SuiteRunner.run(SuiteRunner.java:289)
	at org.testng.SuiteRunnerWorker.runSuite(SuiteRunnerWorker.java:52)
	at org.testng.SuiteRunnerWorker.run(SuiteRunnerWorker.java:86)
	at org.testng.TestNG.runSuitesSequentially(TestNG.java:1301)
	at org.testng.TestNG.runSuitesLocally(TestNG.java:1226)
	at org.testng.TestNG.runSuites(TestNG.java:1144)
	at org.testng.TestNG.run(TestNG.java:1115)
	at org.testng.remote.AbstractRemoteTestNG.run(AbstractRemoteTestNG.java:132)
	at org.testng.remote.RemoteTestNG.initAndRun(RemoteTestNG.java:230)
	at org.testng.remote.RemoteTestNG.main(RemoteTestNG.java:76)
Caused by: java.lang.AssertionError: The following asserts failed:
	Object Not Found 
	at org.testng.asserts.SoftAssert.assertAll(SoftAssert.java:43)
	at com.automtion.hybrid.keywords.GenericKeywords.reportFailure(GenericKeywords.java:248)
	at com.automtion.hybrid.keywords.GenericKeywords.getObject(GenericKeywords.java:207)
	at com.automtion.hybrid.keywords.GenericKeywords.dynamicType(GenericKeywords.java:150)
	... 31 more
]]>
            </full-stacktrace>
          </exception> <!-- java.lang.reflect.InvocationTargetException -->
          <reporter-output>
          </reporter-output>
        </test-method> <!-- addProductTest -->
        <test-method is-config="true" signature="quit()[pri:0, instance:com.automation.hybrid.suitea.AddProductTest@1d76aeea]" started-at="2020-09-06T14:20:51Z" name="quit" finished-at="2020-09-06T14:20:52Z" duration-ms="1545" status="PASS">
          <reporter-output>
          </reporter-output>
        </test-method> <!-- quit -->
        <test-method is-config="true" signature="initTest()[pri:0, instance:com.automation.hybrid.suitea.AddProductTest@1d76aeea]" started-at="2020-09-06T14:20:52Z" name="initTest" finished-at="2020-09-06T14:20:52Z" duration-ms="1" status="PASS">
          <reporter-output>
          </reporter-output>
        </test-method> <!-- initTest -->
        <test-method signature="addProductTest(java.util.Hashtable)[pri:0, instance:com.automation.hybrid.suitea.AddProductTest@1d76aeea]" started-at="2020-09-06T14:20:52Z" name="addProductTest" data-provider="getData" finished-at="2020-09-06T14:21:05Z" duration-ms="12957" status="FAIL">
          <params>
            <param index="0">
              <value>
                <![CDATA[{Browser=Chrome, Product Type=Feture Product, DURGAPUR=14, Product Picture=C:\Users\suresh\git\placetheorder\Images\Tomato.jpg, Deals Of The Week=In to Deals Of The Week, KOLKATA=14, Product Description=testing123, Select For Product Packaging Type=Loose Product, Runmode=Y, Product Offer=12, Product Stock=50, Category Name=Tomato,, Product Normal Price=14, Select For Hot Product Section=In In Hot Product, Select For Trending Product Section=In Trending Product, Home Category=Fresh Vegetables, Select For Special Fresh New Arrival Product Section=Select For This, Product Tag=Super Deals, ORISSA=14, BIHAR=14, BURDWAN=14, SubCategory=Tomato, Product Name=TOMATO}]]>
              </value>
            </param>
          </params>
          <exception class="java.lang.reflect.InvocationTargetException">
            <full-stacktrace>
              <![CDATA[java.lang.reflect.InvocationTargetException
	at java.base/jdk.internal.reflect.NativeMethodAccessorImpl.invoke0(Native Method)
	at java.base/jdk.internal.reflect.NativeMethodAccessorImpl.invoke(NativeMethodAccessorImpl.java:62)
	at java.base/jdk.internal.reflect.DelegatingMethodAccessorImpl.invoke(DelegatingMethodAccessorImpl.java:43)
	at java.base/java.lang.reflect.Method.invoke(Method.java:564)
	at com.automation.hybrid.driver.DriverScript.executeKeywords(DriverScript.java:45)
	at com.automation.hybrid.suitea.AddProductTest.addProductTest(AddProductTest.java:24)
	at java.base/jdk.internal.reflect.NativeMethodAccessorImpl.invoke0(Native Method)
	at java.base/jdk.internal.reflect.NativeMethodAccessorImpl.invoke(NativeMethodAccessorImpl.java:62)
	at java.base/jdk.internal.reflect.DelegatingMethodAccessorImpl.invoke(DelegatingMethodAccessorImpl.java:43)
	at java.base/java.lang.reflect.Method.invoke(Method.java:564)
	at org.testng.internal.MethodInvocationHelper.invokeMethod(MethodInvocationHelper.java:108)
	at org.testng.internal.Invoker.invokeMethod(Invoker.java:661)
	at org.testng.internal.Invoker.invokeTestMethod(Invoker.java:869)
	at org.testng.internal.Invoker.invokeTestMethods(Invoker.java:1193)
	at org.testng.internal.TestMethodWorker.invokeTestMethods(TestMethodWorker.java:126)
	at org.testng.internal.TestMethodWorker.run(TestMethodWorker.java:109)
	at org.testng.TestRunner.privateRun(TestRunner.java:744)
	at org.testng.TestRunner.run(TestRunner.java:602)
	at org.testng.SuiteRunner.runTest(SuiteRunner.java:380)
	at org.testng.SuiteRunner.runSequentially(SuiteRunner.java:375)
	at org.testng.SuiteRunner.privateRun(SuiteRunner.java:340)
	at org.testng.SuiteRunner.run(SuiteRunner.java:289)
	at org.testng.SuiteRunnerWorker.runSuite(SuiteRunnerWorker.java:52)
	at org.testng.SuiteRunnerWorker.run(SuiteRunnerWorker.java:86)
	at org.testng.TestNG.runSuitesSequentially(TestNG.java:1301)
	at org.testng.TestNG.runSuitesLocally(TestNG.java:1226)
	at org.testng.TestNG.runSuites(TestNG.java:1144)
	at org.testng.TestNG.run(TestNG.java:1115)
	at org.testng.remote.AbstractRemoteTestNG.run(AbstractRemoteTestNG.java:132)
	at org.testng.remote.RemoteTestNG.initAndRun(RemoteTestNG.java:230)
	at org.testng.remote.RemoteTestNG.main(RemoteTestNG.java:76)
Caused by: java.lang.AssertionError: The following asserts failed:
	Object Not Found 
	at org.testng.asserts.SoftAssert.assertAll(SoftAssert.java:43)
	at com.automtion.hybrid.keywords.GenericKeywords.reportFailure(GenericKeywords.java:248)
	at com.automtion.hybrid.keywords.GenericKeywords.getObject(GenericKeywords.java:207)
	at com.automtion.hybrid.keywords.GenericKeywords.dynamicType(GenericKeywords.java:150)
	... 31 more
]]>
            </full-stacktrace>
          </exception> <!-- java.lang.reflect.InvocationTargetException -->
          <reporter-output>
          </reporter-output>
        </test-method> <!-- addProductTest -->
        <test-method is-config="true" signature="quit()[pri:0, instance:com.automation.hybrid.suitea.AddProductTest@1d76aeea]" started-at="2020-09-06T14:21:05Z" name="quit" finished-at="2020-09-06T14:21:06Z" duration-ms="959" status="PASS">
          <reporter-output>
          </reporter-output>
        </test-method> <!-- quit -->
      </class> <!-- com.automation.hybrid.suitea.AddProductTest -->
    </test> <!-- Default test -->
  </suite> <!-- Default suite -->
</testng-results>
